Project Navigator Auto-Make Log File
-------------------------------------




Started process "Check Syntax".


=========================================================================
*                          HDL Compilation                              *
=========================================================================
Compiling source file "can_register_asyn_syn.v"
Module <can_register_asyn_syn> compiled
Compiling source file "can_register_asyn.v"
Module <can_register_asyn> compiled
Compiling source file "can_register.v"
Module <can_register> compiled
Compiling source file "can_registers.v"
Compiling include file "can_defines.v"
Module <can_registers> compiled
Compiling source file "can_btl.v"
Compiling include file "can_defines.v"
WARNING:HDLCompilers:38 - can_defines.v line 85 Macro 'ACTEL_APA_RAM' redefined
Module <can_btl> compiled
Compiling source file "can_crc.v"
Module <can_crc> compiled
Compiling source file "can_acf.v"
Compiling include file "can_defines.v"
WARNING:HDLCompilers:38 - can_defines.v line 85 Macro 'ACTEL_APA_RAM' redefined
Module <can_acf> compiled
Compiling source file "can_fifo.v"
Compiling include file "can_defines.v"
WARNING:HDLCompilers:38 - can_defines.v line 85 Macro 'ACTEL_APA_RAM' redefined
Module <can_fifo> compiled
Compiling source file "can_ibo.v"
Module <can_ibo> compiled
Compiling source file "can_bsp.v"
Compiling include file "can_defines.v"
WARNING:HDLCompilers:38 - can_defines.v line 85 Macro 'ACTEL_APA_RAM' redefined
Module <can_bsp> compiled
Compiling source file "can_top.v"
Compiling include file "can_defines.v"
WARNING:HDLCompilers:38 - can_defines.v line 85 Macro 'ACTEL_APA_RAM' redefined
Module <can_top> compiled
No errors in compilation
Analysis of file <can_top.prj> succeeded.
 
Completed process "Check Syntax".



Project Navigator Auto-Make Log File
-------------------------------------


Started process "Synthesize".


=========================================================================
*                          HDL Compilation                              *
=========================================================================
Compiling source file "can_register_asyn_syn.v"
Module <can_register_asyn_syn> compiled
Compiling source file "can_register_asyn.v"
Module <can_register_asyn> compiled
Compiling source file "can_register.v"
Module <can_register> compiled
Compiling source file "can_registers.v"
Compiling include file "can_defines.v"
Module <can_registers> compiled
Compiling source file "can_btl.v"
Compiling include file "can_defines.v"
WARNING:HDLCompilers:38 - can_defines.v line 85 Macro 'ACTEL_APA_RAM' redefined
Module <can_btl> compiled
Compiling source file "can_crc.v"
Module <can_crc> compiled
Compiling source file "can_acf.v"
Compiling include file "can_defines.v"
WARNING:HDLCompilers:38 - can_defines.v line 85 Macro 'ACTEL_APA_RAM' redefined
Module <can_acf> compiled
Compiling source file "can_fifo.v"
Compiling include file "can_defines.v"
WARNING:HDLCompilers:38 - can_defines.v line 85 Macro 'ACTEL_APA_RAM' redefined
Module <can_fifo> compiled
Compiling source file "can_ibo.v"
Module <can_ibo> compiled
Compiling source file "can_bsp.v"
Compiling include file "can_defines.v"
WARNING:HDLCompilers:38 - can_defines.v line 85 Macro 'ACTEL_APA_RAM' redefined
Module <can_bsp> compiled
Compiling source file "can_top.v"
Compiling include file "can_defines.v"
WARNING:HDLCompilers:38 - can_defines.v line 85 Macro 'ACTEL_APA_RAM' redefined
Module <can_top> compiled
No errors in compilation
Analysis of file <can_top.prj> succeeded.
 

=========================================================================
*                            HDL Analysis                               *
=========================================================================
ERROR:HDLCompilers:87 - can_fifo.v line 314 Could not find module/primitive 'actel_ram_64x8_sync'
ERROR:HDLCompilers:87 - can_fifo.v line 328 Could not find module/primitive 'actel_ram_64x4_sync'
ERROR:HDLCompilers:87 - can_fifo.v line 342 Could not find module/primitive 'actel_ram_64x1_sync'
--> 

Total memory usage is 48688 kilobytes


ERROR: XST failed
Process "Synthesize" did not complete.


Project Navigator Auto-Make Log File
-------------------------------------




Started process "Check Syntax".


=========================================================================
*                          HDL Compilation                              *
=========================================================================
Compiling source file "can_fifo.v"
Compiling include file "can_defines.v"
Module <can_fifo> compiled
No errors in compilation
Analysis of file <can_fifo.prj> succeeded.
 
Completed process "Check Syntax".



Project Navigator Auto-Make Log File
-------------------------------------


Started process "Synthesize".


=========================================================================
*                          HDL Compilation                              *
=========================================================================
Compiling source file "can_fifo.v"
Compiling include file "can_defines.v"
Module <can_fifo> compiled
No errors in compilation
Analysis of file <can_fifo.prj> succeeded.
 

=========================================================================
*                            HDL Analysis                               *
=========================================================================
Analyzing top module <can_fifo>.
WARNING:Xst:916 - can_fifo.v line 182: Delay is ignored for synthesis.
WARNING:Xst:916 - can_fifo.v line 184: Delay is ignored for synthesis.
WARNING:Xst:916 - can_fifo.v line 194: Delay is ignored for synthesis.
WARNING:Xst:916 - can_fifo.v line 196: Delay is ignored for synthesis.
WARNING:Xst:916 - can_fifo.v line 206: Delay is ignored for synthesis.
WARNING:Xst:915 - Message (916) is reported only 5 times for each module.
Module <can_fifo> is correct for synthesis.
 
Analyzing module <RAMB4_S8_S8>.
Analyzing module <RAMB4_S4_S4>.
Analyzing module <RAMB4_S1_S1>.

=========================================================================
*                           HDL Synthesis                               *
=========================================================================

Synthesizing Unit <can_fifo>.
    Related source file is can_fifo.v.
WARNING:Xst:647 - Input <addr<7:6>> is never used.
WARNING:Xst:647 - Input <fifo_selected> is never used.
    Found 7-bit updown counter for signal <info_cnt>.
    Found 6-bit subtractor for signal <$n0019>.
    Found 7-bit addsub for signal <$n0020>.
    Found 7-bit subtractor for signal <$n0030> created at line 271.
    Found 6-bit adder for signal <$n0032> created at line 231.
    Found 1-bit xor2 for signal <$n0056> created at line 285.
    Found 7-bit register for signal <fifo_cnt>.
    Found 1-bit register for signal <latch_overrun>.
    Found 4-bit up counter for signal <len_cnt>.
    Found 6-bit up counter for signal <rd_info_pointer>.
    Found 6-bit register for signal <rd_pointer>.
    Found 6-bit adder for signal <read_address>.
    Found 6-bit up counter for signal <wr_info_pointer>.
    Found 6-bit up counter for signal <wr_pointer>.
    Found 1-bit register for signal <wr_q>.
    Found 7 1-bit 2-to-1 multiplexers.
    Summary:
	inferred   5 Counter(s).
	inferred  15 D-type flip-flop(s).
	inferred   5 Adder/Subtracter(s).
	inferred   7 Multiplexer(s).
Unit <can_fifo> synthesized.


=========================================================================
HDL Synthesis Report

Macro Statistics
# Registers                        : 4
  1-bit register                   : 2
  6-bit register                   : 1
  7-bit register                   : 1
# Counters                         : 5
  4-bit up counter                 : 1
  6-bit up counter                 : 3
  7-bit updown counter             : 1
# Multiplexers                     : 1
  2-to-1 multiplexer               : 1
# Adders/Subtractors               : 5
  6-bit adder                      : 2
  6-bit subtractor                 : 1
  7-bit addsub                     : 1
  7-bit subtractor                 : 1
# Xors                             : 1
  1-bit xor2                       : 1

=========================================================================

=========================================================================
*                       Advanced HDL Synthesis                          *
=========================================================================

INFO:Xst:1767 - HDL ADVISOR - Resource sharing has identified that some arithmetic operations in this design can share the same physical resources for reduced device utilization. For improved clock frequency you may try to disable resource sharing.

=========================================================================
*                         Low Level Synthesis                           *
=========================================================================

Optimizing unit <can_fifo> ...
Loading device for application Xst from file '2s300e.nph' in environment C:/Program Files/Xilinx.

Mapping all equations...
Building and optimizing final netlist ...
Found area constraint ratio of 100 (+ 5) on block can_fifo, actual ratio is 2.

=========================================================================
*                            Final Report                               *
=========================================================================

Device utilization summary:
---------------------------

Selected Device : 2s300epq208-6 

 Number of Slices:                      64  out of   3072     2%  
 Number of Slice Flip Flops:            44  out of   6144     0%  
 Number of 4 input LUTs:               111  out of   6144     1%  
 Number of bonded IOBs:                 36  out of    146    24%  
 Number of BRAMs:                        3  out of      8    37%  
 Number of GCLKs:                        1  out of      4    25%  


=========================================================================
TIMING REPORT


Clock Information:
------------------
-----------------------------------+------------------------+-------+
Clock Signal                       | Clock buffer(FF name)  | Load  |
-----------------------------------+------------------------+-------+
clk                                | BUFGP                  | 47    |
-----------------------------------+------------------------+-------+

Timing Summary:
---------------
Speed Grade: -6

   Minimum period: 13.017ns (Maximum Frequency: 76.823MHz)
   Minimum input arrival time before clock: 10.841ns
   Maximum output required time after clock: 11.718ns
   Maximum combinational path delay: No path found

=========================================================================
Completed process "Synthesize".



Project Navigator Auto-Make Log File
-------------------------------------



Project Navigator Auto-Make Log File
-------------------------------------




Started process "Check Syntax".


=========================================================================
*                          HDL Compilation                              *
=========================================================================
Compiling source file "can_register_asyn_syn.v"
Module <can_register_asyn_syn> compiled
No errors in compilation
Analysis of file <can_register_asyn_syn.prj> succeeded.
 
Completed process "Check Syntax".



Project Navigator Auto-Make Log File
-------------------------------------


Started process "Synthesize".


=========================================================================
*                          HDL Compilation                              *
=========================================================================
Compiling source file "can_register_asyn_syn.v"
Module <can_register_asyn_syn> compiled
No errors in compilation
Analysis of file <can_register_asyn_syn.prj> succeeded.
 

=========================================================================
*                            HDL Analysis                               *
=========================================================================
Analyzing top module <can_register_asyn_syn>.
WARNING:Xst:916 - can_register_asyn_syn.v line 103: Delay is ignored for synthesis.
WARNING:Xst:916 - can_register_asyn_syn.v line 105: Delay is ignored for synthesis.
WARNING:Xst:916 - can_register_asyn_syn.v line 107: Delay is ignored for synthesis.
Module <can_register_asyn_syn> is correct for synthesis.
 

=========================================================================
*                           HDL Synthesis                               *
=========================================================================

Synthesizing Unit <can_register_asyn_syn>.
    Related source file is can_register_asyn_syn.v.
    Found 8-bit register for signal <data_out>.
    Summary:
	inferred   8 D-type flip-flop(s).
Unit <can_register_asyn_syn> synthesized.


=========================================================================
HDL Synthesis Report

Macro Statistics
# Registers                        : 1
  8-bit register                   : 1

=========================================================================

=========================================================================
*                       Advanced HDL Synthesis                          *
=========================================================================


=========================================================================
*                         Low Level Synthesis                           *
=========================================================================

Optimizing unit <can_register_asyn_syn> ...
Loading device for application Xst from file '2s300e.nph' in environment C:/Program Files/Xilinx.

Mapping all equations...
Building and optimizing final netlist ...
Found area constraint ratio of 100 (+ 5) on block can_register_asyn_syn, actual ratio is 0.

=========================================================================
*                            Final Report                               *
=========================================================================

Device utilization summary:
---------------------------

Selected Device : 2s300epq208-6 

 Number of Slices:                       5  out of   3072     0%  
 Number of Slice Flip Flops:             8  out of   6144     0%  
 Number of 4 input LUTs:                 9  out of   6144     0%  
 Number of bonded IOBs:                 19  out of    146    13%  
 Number of GCLKs:                        1  out of      4    25%  


=========================================================================
TIMING REPORT


Clock Information:
------------------
-----------------------------------+------------------------+-------+
Clock Signal                       | Clock buffer(FF name)  | Load  |
-----------------------------------+------------------------+-------+
clk                                | BUFGP                  | 8     |
-----------------------------------+------------------------+-------+

Timing Summary:
---------------
Speed Grade: -6

   Minimum period: No path found
   Minimum input arrival time before clock: 6.152ns
   Maximum output required time after clock: 6.514ns
   Maximum combinational path delay: No path found

=========================================================================
Completed process "Synthesize".



Project Navigator Auto-Make Log File
-------------------------------------




Started process "Synthesize".


=========================================================================
*                          HDL Compilation                              *
=========================================================================
Compiling source file "can_register_asyn_syn.v"
Module <can_register_asyn_syn> compiled
Compiling source file "can_register_asyn.v"
Module <can_register_asyn> compiled
Compiling source file "can_register.v"
Module <can_register> compiled
Compiling source file "can_registers.v"
Compiling include file "can_defines.v"
Module <can_registers> compiled
Compiling source file "can_btl.v"
Compiling include file "can_defines.v"
WARNING:HDLCompilers:38 - can_defines.v line 88 Macro 'XILINX_RAM' redefined
Module <can_btl> compiled
Compiling source file "can_crc.v"
Module <can_crc> compiled
Compiling source file "can_acf.v"
Compiling include file "can_defines.v"
WARNING:HDLCompilers:38 - can_defines.v line 88 Macro 'XILINX_RAM' redefined
Module <can_acf> compiled
Compiling source file "can_fifo.v"
Compiling include file "can_defines.v"
WARNING:HDLCompilers:38 - can_defines.v line 88 Macro 'XILINX_RAM' redefined
Module <can_fifo> compiled
Compiling source file "can_ibo.v"
Module <can_ibo> compiled
Compiling source file "can_bsp.v"
Compiling include file "can_defines.v"
WARNING:HDLCompilers:38 - can_defines.v line 88 Macro 'XILINX_RAM' redefined
Module <can_bsp> compiled
Compiling source file "can_top.v"
Compiling include file "can_defines.v"
WARNING:HDLCompilers:38 - can_defines.v line 88 Macro 'XILINX_RAM' redefined
Module <can_top> compiled
No errors in compilation
Analysis of file <can_top.prj> succeeded.
 

=========================================================================
*                            HDL Analysis                               *
=========================================================================
Analyzing top module <can_top>.
WARNING:Xst:916 - can_top.v line 649: Delay is ignored for synthesis.
WARNING:Xst:916 - can_top.v line 651: Delay is ignored for synthesis.
WARNING:Xst:916 - can_top.v line 714: Delay is ignored for synthesis.
WARNING:Xst:916 - can_top.v line 728: Delay is ignored for synthesis.
WARNING:Xst:916 - can_top.v line 729: Delay is ignored for synthesis.
Module <can_top> is correct for synthesis.
 
Analyzing module <can_registers>.
WARNING:Xst:916 - can_registers.v line 443: Delay is ignored for synthesis.
WARNING:Xst:916 - can_registers.v line 444: Delay is ignored for synthesis.
WARNING:Xst:916 - can_registers.v line 445: Delay is ignored for synthesis.
WARNING:Xst:916 - can_registers.v line 446: Delay is ignored for synthesis.
WARNING:Xst:916 - can_registers.v line 447: Delay is ignored for synthesis.
WARNING:Xst:915 - Message (916) is reported only 5 times for each module.
Module <can_registers> is correct for synthesis.
 
Analyzing module <can_register_asyn_syn>.
WARNING:Xst:916 - can_register_asyn_syn.v line 103: Delay is ignored for synthesis.
WARNING:Xst:916 - can_register_asyn_syn.v line 105: Delay is ignored for synthesis.
WARNING:Xst:916 - can_register_asyn_syn.v line 107: Delay is ignored for synthesis.
Module <can_register_asyn_syn> is correct for synthesis.
 
Analyzing module <can_register_asyn>.
WARNING:Xst:916 - can_register_asyn.v line 101: Delay is ignored for synthesis.
WARNING:Xst:916 - can_register_asyn.v line 103: Delay is ignored for synthesis.
Module <can_register_asyn> is correct for synthesis.
 
Analyzing module <can_register_asyn_1>.
WARNING:Xst:916 - can_register_asyn.v line 101: Delay is ignored for synthesis.
WARNING:Xst:916 - can_register_asyn.v line 103: Delay is ignored for synthesis.
Module <can_register_asyn_1> is correct for synthesis.
 
Analyzing module <can_register_asyn_syn_1>.
WARNING:Xst:916 - can_register_asyn_syn.v line 103: Delay is ignored for synthesis.
WARNING:Xst:916 - can_register_asyn_syn.v line 105: Delay is ignored for synthesis.
WARNING:Xst:916 - can_register_asyn_syn.v line 107: Delay is ignored for synthesis.
Module <can_register_asyn_syn_1> is correct for synthesis.
 
Analyzing module <can_register_asyn_syn_2>.
WARNING:Xst:916 - can_register_asyn_syn.v line 103: Delay is ignored for synthesis.
WARNING:Xst:916 - can_register_asyn_syn.v line 105: Delay is ignored for synthesis.
WARNING:Xst:916 - can_register_asyn_syn.v line 107: Delay is ignored for synthesis.
Module <can_register_asyn_syn_2> is correct for synthesis.
 
Analyzing module <can_register>.
WARNING:Xst:916 - can_register.v line 98: Delay is ignored for synthesis.
Module <can_register> is correct for synthesis.
 
Analyzing module <can_register_asyn_2>.
WARNING:Xst:916 - can_register_asyn.v line 101: Delay is ignored for synthesis.
WARNING:Xst:916 - can_register_asyn.v line 103: Delay is ignored for synthesis.
Module <can_register_asyn_2> is correct for synthesis.
 
Analyzing module <can_register_1>.
WARNING:Xst:916 - can_register.v line 98: Delay is ignored for synthesis.
Module <can_register_1> is correct for synthesis.
 
Analyzing module <can_register_2>.
WARNING:Xst:916 - can_register.v line 98: Delay is ignored for synthesis.
Module <can_register_2> is correct for synthesis.
 
Analyzing module <can_btl>.
WARNING:Xst:916 - can_btl.v line 205: Delay is ignored for synthesis.
WARNING:Xst:916 - can_btl.v line 207: Delay is ignored for synthesis.
WARNING:Xst:916 - can_btl.v line 216: Delay is ignored for synthesis.
WARNING:Xst:916 - can_btl.v line 218: Delay is ignored for synthesis.
WARNING:Xst:916 - can_btl.v line 237: Delay is ignored for synthesis.
WARNING:Xst:915 - Message (916) is reported only 5 times for each module.
Module <can_btl> is correct for synthesis.
 
Analyzing module <can_bsp>.
WARNING:Xst:916 - can_bsp.v line 641: Delay is ignored for synthesis.
WARNING:Xst:916 - can_bsp.v line 643: Delay is ignored for synthesis.
WARNING:Xst:916 - can_bsp.v line 653: Delay is ignored for synthesis.
WARNING:Xst:916 - can_bsp.v line 655: Delay is ignored for synthesis.
WARNING:Xst:916 - can_bsp.v line 665: Delay is ignored for synthesis.
WARNING:Xst:915 - Message (916) is reported only 5 times for each module.
can_bsp.v line 1285: Found Parallel Case directive in module <can_bsp>.
can_bsp.v line 1296: Found Parallel Case directive in module <can_bsp>.
can_bsp.v line 1306: Found Parallel Case directive in module <can_bsp>.
INFO:Xst:1433 - Contents of array <tmp_fifo> may be accessed with an index that exceeds the array size. This could cause simulation mismatch.
INFO:Xst:1433 - Contents of array <r_calculated_crc> may be accessed with an index that exceeds the array size. This could cause simulation mismatch.
INFO:Xst:1433 - Contents of array <extended_chain_std> may be accessed with an index that exceeds the array size. This could cause simulation mismatch.
INFO:Xst:1433 - Contents of array <r_calculated_crc> may be accessed with an index that exceeds the array size. This could cause simulation mismatch.
INFO:Xst:1433 - Contents of array <basic_chain> may be accessed with an index that exceeds the array size. This could cause simulation mismatch.
Module <can_bsp> is correct for synthesis.
 
Analyzing module <can_crc>.
WARNING:Xst:916 - can_crc.v line 96: Delay is ignored for synthesis.
WARNING:Xst:916 - can_crc.v line 100: Delay is ignored for synthesis.
WARNING:Xst:916 - can_crc.v line 102: Delay is ignored for synthesis.
Module <can_crc> is correct for synthesis.
 
Analyzing module <can_acf>.
WARNING:Xst:916 - can_acf.v line 346: Delay is ignored for synthesis.
WARNING:Xst:916 - can_acf.v line 348: Delay is ignored for synthesis.
WARNING:Xst:916 - can_acf.v line 353: Delay is ignored for synthesis.
WARNING:Xst:916 - can_acf.v line 355: Delay is ignored for synthesis.
WARNING:Xst:916 - can_acf.v line 359: Delay is ignored for synthesis.
WARNING:Xst:915 - Message (916) is reported only 5 times for each module.
Module <can_acf> is correct for synthesis.
 
Analyzing module <can_fifo>.
WARNING:Xst:916 - can_fifo.v line 182: Delay is ignored for synthesis.
WARNING:Xst:916 - can_fifo.v line 184: Delay is ignored for synthesis.
WARNING:Xst:916 - can_fifo.v line 194: Delay is ignored for synthesis.
WARNING:Xst:916 - can_fifo.v line 196: Delay is ignored for synthesis.
WARNING:Xst:916 - can_fifo.v line 206: Delay is ignored for synthesis.
WARNING:Xst:915 - Message (916) is reported only 5 times for each module.
Module <can_fifo> is correct for synthesis.
 
Analyzing module <RAMB4_S8_S8>.
Analyzing module <RAMB4_S4_S4>.
Analyzing module <RAMB4_S1_S1>.
Analyzing module <can_ibo>.
Module <can_ibo> is correct for synthesis.
 

=========================================================================
*                           HDL Synthesis                               *
=========================================================================

Synthesizing Unit <can_ibo>.
    Related source file is can_ibo.v.
Unit <can_ibo> synthesized.


Synthesizing Unit <can_fifo>.
    Related source file is can_fifo.v.
WARNING:Xst:647 - Input <addr<7:6>> is never used.
WARNING:Xst:647 - Input <fifo_selected> is never used.
    Found 7-bit updown counter for signal <info_cnt>.
    Found 6-bit subtractor for signal <$n0019>.
    Found 7-bit addsub for signal <$n0020>.
    Found 7-bit subtractor for signal <$n0030> created at line 271.
    Found 6-bit adder for signal <$n0032> created at line 231.
    Found 1-bit xor2 for signal <$n0056> created at line 285.
    Found 7-bit register for signal <fifo_cnt>.
    Found 1-bit register for signal <latch_overrun>.
    Found 4-bit up counter for signal <len_cnt>.
    Found 6-bit up counter for signal <rd_info_pointer>.
    Found 6-bit register for signal <rd_pointer>.
    Found 6-bit adder for signal <read_address>.
    Found 6-bit up counter for signal <wr_info_pointer>.
    Found 6-bit up counter for signal <wr_pointer>.
    Found 1-bit register for signal <wr_q>.
    Found 7 1-bit 2-to-1 multiplexers.
    Summary:
	inferred   5 Counter(s).
	inferred  15 D-type flip-flop(s).
	inferred   5 Adder/Subtracter(s).
	inferred   7 Multiplexer(s).
Unit <can_fifo> synthesized.


Synthesizing Unit <can_acf>.
    Related source file is can_acf.v.
    Found 1-bit register for signal <id_ok>.
    Found 1-bit xor2 for signal <$n0102> created at line 293.
    Found 1-bit xor2 for signal <$n0103> created at line 293.
    Found 1-bit xor2 for signal <$n0104> created at line 293.
    Found 1-bit xor2 for signal <$n0105> created at line 293.
    Found 1-bit xor2 for signal <$n0106> created at line 293.
    Found 1-bit xor2 for signal <$n0107> created at line 293.
    Found 1-bit xor2 for signal <$n0108> created at line 293.
    Found 1-bit xor2 for signal <$n0109> created at line 293.
    Found 1-bit xor2 for signal <$n0110> created at line 293.
    Found 1-bit xor2 for signal <$n0111> created at line 293.
    Found 1-bit xor2 for signal <$n0112> created at line 293.
    Found 1-bit xor2 for signal <$n0113> created at line 293.
    Found 1-bit xor2 for signal <$n0114> created at line 293.
    Found 1-bit xor2 for signal <$n0115> created at line 293.
    Found 1-bit xor2 for signal <$n0116> created at line 293.
    Found 1-bit xor2 for signal <$n0117> created at line 293.
    Found 1-bit xor2 for signal <$n0118> created at line 293.
    Found 1-bit xor2 for signal <$n0119> created at line 293.
    Found 1-bit xor2 for signal <$n0120> created at line 293.
    Found 1-bit xor2 for signal <$n0121> created at line 293.
    Found 1-bit xor2 for signal <$n0122> created at line 293.
    Found 1-bit xor2 for signal <$n0123> created at line 293.
    Found 1-bit xor2 for signal <$n0124> created at line 293.
    Found 1-bit xor2 for signal <$n0125> created at line 293.
    Found 1-bit xor2 for signal <$n0126> created at line 293.
    Found 1-bit xor2 for signal <$n0127> created at line 293.
    Found 1-bit xor2 for signal <$n0128> created at line 293.
    Found 1-bit xor2 for signal <$n0129> created at line 293.
    Found 1-bit xor2 for signal <$n0130> created at line 293.
    Found 1-bit xor2 for signal <$n0131> created at line 293.
    Found 1-bit xor2 for signal <$n0132> created at line 293.
    Found 1-bit xor2 for signal <$n0133> created at line 293.
    Found 1-bit xor2 for signal <$n0134> created at line 250.
    Found 1-bit xor2 for signal <$n0135> created at line 250.
    Found 1-bit xor2 for signal <$n0136> created at line 250.
    Found 1-bit xor2 for signal <$n0137> created at line 250.
    Found 1-bit xor2 for signal <$n0138> created at line 250.
    Found 1-bit xor2 for signal <$n0139> created at line 250.
    Found 1-bit xor2 for signal <$n0140> created at line 250.
    Found 1-bit xor2 for signal <$n0141> created at line 250.
    Found 1-bit xor2 for signal <$n0142> created at line 250.
    Found 1-bit xor2 for signal <$n0143> created at line 250.
    Found 1-bit xor2 for signal <$n0144> created at line 250.
    Found 1-bit xor2 for signal <$n0145> created at line 250.
    Found 1-bit xor2 for signal <$n0146> created at line 250.
    Found 1-bit xor2 for signal <$n0147> created at line 250.
    Found 1-bit xor2 for signal <$n0148> created at line 250.
    Found 1-bit xor2 for signal <$n0149> created at line 250.
    Found 1-bit xor2 for signal <$n0150> created at line 250.
    Found 1-bit xor2 for signal <$n0151> created at line 250.
    Found 1-bit xor2 for signal <$n0152> created at line 250.
    Found 1-bit xor2 for signal <$n0153> created at line 250.
    Found 1-bit xor2 for signal <$n0154> created at line 250.
    Found 1-bit xor2 for signal <$n0155> created at line 250.
    Found 1-bit xor2 for signal <$n0156> created at line 250.
    Found 1-bit xor2 for signal <$n0157> created at line 250.
    Found 1-bit xor2 for signal <$n0158> created at line 250.
    Found 1-bit xor2 for signal <$n0159> created at line 250.
    Found 1-bit xor2 for signal <$n0160> created at line 250.
    Found 1-bit xor2 for signal <$n0161> created at line 250.
    Found 1-bit xor2 for signal <$n0162> created at line 250.
    Found 1-bit xor2 for signal <$n0163> created at line 250.
    Found 1-bit xor2 for signal <$n0164> created at line 250.
    Found 1-bit xor2 for signal <$n0165> created at line 250.
    Found 1-bit xor2 for signal <$n0166> created at line 212.
    Found 1-bit xor2 for signal <$n0167> created at line 212.
    Found 1-bit xor2 for signal <$n0168> created at line 212.
    Found 1-bit xor2 for signal <$n0169> created at line 212.
    Found 1-bit xor2 for signal <$n0170> created at line 212.
    Found 1-bit xor2 for signal <$n0171> created at line 212.
    Found 1-bit xor2 for signal <$n0172> created at line 212.
    Found 1-bit xor2 for signal <$n0173> created at line 212.
    Found 1-bit xor2 for signal <$n0174> created at line 212.
    Found 1-bit xor2 for signal <$n0175> created at line 212.
    Found 1-bit xor2 for signal <$n0176> created at line 212.
    Found 1-bit xor2 for signal <$n0177> created at line 212.
    Found 1-bit xor2 for signal <$n0178> created at line 212.
    Found 1-bit xor2 for signal <$n0179> created at line 212.
    Found 1-bit xor2 for signal <$n0180> created at line 176.
    Found 1-bit xor2 for signal <$n0181> created at line 176.
    Found 1-bit xor2 for signal <$n0182> created at line 176.
    Found 1-bit xor2 for signal <$n0183> created at line 176.
    Found 1-bit xor2 for signal <$n0184> created at line 176.
    Found 1-bit xor2 for signal <$n0185> created at line 176.
    Found 1-bit xor2 for signal <$n0186> created at line 176.
    Found 1-bit xor2 for signal <$n0187> created at line 176.
    Found 1-bit xor2 for signal <$n0188> created at line 176.
    Found 1-bit xor2 for signal <$n0189> created at line 176.
    Found 1-bit xor2 for signal <$n0190> created at line 176.
    Found 1-bit xor2 for signal <$n0191> created at line 176.
    Found 1-bit xor2 for signal <$n0192> created at line 176.
    Found 1-bit xor2 for signal <$n0193> created at line 176.
    Found 1-bit xor2 for signal <$n0194> created at line 176.
    Found 1-bit xor2 for signal <$n0195> created at line 176.
    Summary:
	inferred   1 D-type flip-flop(s).
Unit <can_acf> synthesized.


Synthesizing Unit <can_crc>.
    Related source file is can_crc.v.
    Found 15-bit register for signal <crc>.
    Found 1-bit xor2 for signal <crc_next>.
    Found 15 1-bit 2-to-1 multiplexers.
    Summary:
	inferred  15 D-type flip-flop(s).
	inferred  15 Multiplexer(s).
Unit <can_crc> synthesized.


Synthesizing Unit <can_register_2>.
    Related source file is can_register.v.
    Found 3-bit register for signal <data_out>.
    Summary:
	inferred   3 D-type flip-flop(s).
Unit <can_register_2> synthesized.


Synthesizing Unit <can_register_1>.
    Related source file is can_register.v.
    Found 1-bit register for signal <data_out<0>>.
    Summary:
	inferred   1 D-type flip-flop(s).
Unit <can_register_1> synthesized.


Synthesizing Unit <can_register_asyn_2>.
    Related source file is can_register_asyn.v.
    Found 8-bit register for signal <data_out>.
Unit <can_register_asyn_2> synthesized.


Synthesizing Unit <can_register>.
    Related source file is can_register.v.
    Found 8-bit register for signal <data_out>.
    Summary:
	inferred   8 D-type flip-flop(s).
Unit <can_register> synthesized.


Synthesizing Unit <can_register_asyn_syn_2>.
    Related source file is can_register_asyn_syn.v.
    Found 2-bit register for signal <data_out>.
    Summary:
	inferred   2 D-type flip-flop(s).
Unit <can_register_asyn_syn_2> synthesized.


Synthesizing Unit <can_register_asyn_syn_1>.
    Related source file is can_register_asyn_syn.v.
    Found 1-bit register for signal <data_out<0>>.
    Summary:
	inferred   1 D-type flip-flop(s).
Unit <can_register_asyn_syn_1> synthesized.


Synthesizing Unit <can_register_asyn_1>.
    Related source file is can_register_asyn.v.
    Found 3-bit register for signal <data_out>.
    Summary:
	inferred   3 D-type flip-flop(s).
Unit <can_register_asyn_1> synthesized.


Synthesizing Unit <can_register_asyn>.
    Related source file is can_register_asyn.v.
    Found 4-bit register for signal <data_out>.
    Summary:
	inferred   4 D-type flip-flop(s).
Unit <can_register_asyn> synthesized.


Synthesizing Unit <can_register_asyn_syn>.
    Related source file is can_register_asyn_syn.v.
    Found 1-bit register for signal <data_out<0>>.
    Summary:
	inferred   1 D-type flip-flop(s).
Unit <can_register_asyn_syn> synthesized.


Synthesizing Unit <can_bsp>.
    Related source file is can_bsp.v.
WARNING:Xst:646 - Signal <bit_stuff_cnt_tx_en> is assigned but never used.
    Found 8-bit register for signal <error_capture_code>.
    Found 5-bit up counter for signal <arbitration_lost_capture>.
    Found 9-bit register for signal <rx_err_cnt>.
    Found 1-bit register for signal <transmitting>.
    Found 1-bit register for signal <rx_idle>.
    Found 1-bit register for signal <need_to_tx>.
    Found 1-bit register for signal <tx>.
    Found 1-bit register for signal <node_error_passive>.
    Found 1-bit register for signal <node_bus_off>.
    Found 9-bit register for signal <tx_err_cnt>.
    Found 4-bit subtractor for signal <$COND_6>.
    Found 9-bit subtractor for signal <$n0000> created at line 1612.
    Found 9-bit subtractor for signal <$n0001> created at line 1612.
    Found 8-bit 8-to-1 multiplexer for signal <$n0004> created at line 1314.
    Found 1-bit 64-to-1 multiplexer for signal <$n0005> created at line 1586.
    Found 1-bit 16-to-1 multiplexer for signal <$n0006> created at line 1588.
    Found 1-bit 39-to-1 multiplexer for signal <$n0007> created at line 1594.
    Found 1-bit 19-to-1 multiplexer for signal <$n0008> created at line 1596.
    Found 1-bit 64-to-1 multiplexer for signal <$n0009> created at line 1602.
    Found 1-bit 19-to-1 multiplexer for signal <$n0010> created at line 1608.
    Found 6-bit adder for signal <$n0156> created at line 1833.
    Found 6-bit adder for signal <$n0157> created at line 1858.
    Found 9-bit addsub for signal <$n0158>.
    Found 4-bit comparator less for signal <$n0163> created at line 1230.
    Found 9-bit comparator greater for signal <$n0203> created at line 1820.
    Found 6-bit comparator greater for signal <$n0214> created at line 1978.
    Found 6-bit comparator greater for signal <$n0215> created at line 1977.
    Found 6-bit comparator less for signal <$n0216> created at line 1975.
    Found 9-bit comparator equal for signal <$n0219> created at line 1612.
    Found 9-bit comparator equal for signal <$n0220> created at line 1612.
    Found 4-bit adder for signal <$n0224> created at line 1231.
    Found 4-bit comparator equal for signal <$n0225> created at line 1231.
    Found 4-bit subtractor for signal <$n0229> created at line 1230.
    Found 4-bit comparator less for signal <$n0235> created at line 1173.
    Found 4-bit comparator less for signal <$n0236> created at line 1172.
    Found 3-bit comparator less for signal <$n0237> created at line 1093.
    Found 3-bit comparator less for signal <$n0238> created at line 1093.
    Found 3-bit comparator less for signal <$n0239> created at line 1061.
    Found 6-bit comparator less for signal <$n0243> created at line 605.
    Found 6-bit subtractor for signal <$n0247> created at line 593.
    Found 6-bit comparator equal for signal <$n0248> created at line 593.
    Found 3-bit comparator less for signal <$n0251> created at line 1428.
    Found 3-bit adder for signal <$n0260> created at line 980.
    Found 3-bit adder for signal <$n0261> created at line 1011.
    Found 15-bit comparator not equal for signal <$n0262> created at line 1054.
    Found 3-bit comparator less for signal <$n0263> created at line 1515.
    Found 3-bit comparator less for signal <$n0264> created at line 1522.
    Found 9-bit comparator greatequal for signal <$n0268> created at line 1825.
    Found 9-bit comparator lessequal for signal <$n0269> created at line 1818.
    Found 9-bit comparator greater for signal <$n0270> created at line 1818.
    Found 9-bit comparator greater for signal <$n0271> created at line 1850.
    Found 9-bit subtractor for signal <$n0272> created at line 1851.
    Found 9-bit comparator greatequal for signal <$n0273> created at line 1883.
    Found 9-bit comparator greatequal for signal <$n0274> created at line 1883.
    Found 9-bit comparator less for signal <$n0275> created at line 1881.
    Found 9-bit comparator less for signal <$n0276> created at line 1881.
    Found 9-bit comparator greatequal for signal <$n0277> created at line 1897.
    Found 8-bit comparator less for signal <$n0281> created at line 1895.
    Found 9-bit comparator greatequal for signal <$n0283> created at line 1955.
    Found 9-bit comparator greatequal for signal <$n0284> created at line 1955.
    Found 9-bit comparator greatequal for signal <$n0285> created at line 1955.
    Found 9-bit comparator greatequal for signal <$n0286> created at line 1955.
    Found 3-bit adder for signal <$n0287> created at line 1431.
    Found 4-bit comparator less for signal <$n0288> created at line 1911.
    Found 4-bit adder for signal <$n0289> created at line 1912.
    Found 1-bit xor2 for signal <$n0327> created at line 1024.
    Found 1-bit xor2 for signal <$n0333> created at line 623.
    Found 1-bit xor2 for signal <$n0383> created at line 1010.
    Found 1-bit register for signal <ack_err_latched>.
    Found 1-bit register for signal <arbitration_blocked>.
    Found 1-bit register for signal <arbitration_cnt_en>.
    Found 1-bit register for signal <arbitration_lost>.
    Found 1-bit register for signal <arbitration_lost_q>.
    Found 6-bit up counter for signal <bit_cnt>.
    Found 1-bit register for signal <bit_err_latched>.
    Found 3-bit register for signal <bit_stuff_cnt>.
    Found 1-bit register for signal <bit_stuff_cnt_en>.
    Found 3-bit register for signal <bit_stuff_cnt_tx>.
    Found 1-bit register for signal <bus_free>.
    Found 4-bit register for signal <bus_free_cnt>.
    Found 1-bit register for signal <bus_free_cnt_en>.
    Found 3-bit up counter for signal <byte_cnt>.
    Found 1-bit register for signal <crc_enable>.
    Found 1-bit register for signal <crc_err>.
    Found 15-bit register for signal <crc_in>.
    Found 4-bit up counter for signal <data_cnt>.
    Found 4-bit register for signal <data_len>.
    Found 3-bit up counter for signal <delayed_dominant_cnt>.
    Found 1-bit register for signal <enable_error_cnt2>.
    Found 1-bit register for signal <enable_overload_cnt2>.
    Found 3-bit up counter for signal <eof_cnt>.
    Found 1-bit register for signal <error_capture_code_blocked>.
    Found 3-bit up counter for signal <error_cnt1>.
    Found 3-bit up counter for signal <error_cnt2>.
    Found 1-bit register for signal <error_flag_over_blocked>.
    Found 1-bit register for signal <error_frame>.
    Found 1-bit register for signal <error_frame_q>.
    Found 1-bit register for signal <finish_msg>.
    Found 1-bit register for signal <form_err_latched>.
    Found 1-bit register for signal <go_early_tx_latched>.
    Found 3-bit up counter for signal <header_cnt>.
    Found 29-bit register for signal <id>.
    Found 1-bit register for signal <ide>.
    Found 1-bit register for signal <node_bus_off_q>.
    Found 3-bit up counter for signal <overload_cnt1>.
    Found 3-bit up counter for signal <overload_cnt2>.
    Found 1-bit register for signal <overload_frame>.
    Found 1-bit register for signal <overload_frame_blocked>.
    Found 3-bit register for signal <passive_cnt>.
    Found 1-bit register for signal <reset_mode_q>.
    Found 1-bit register for signal <rtr1>.
    Found 1-bit register for signal <rtr2>.
    Found 1-bit register for signal <rule3_exc1_1>.
    Found 1-bit register for signal <rule3_exc1_2>.
    Found 1-bit register for signal <rule3_exc2>.
    Found 1-bit register for signal <rx_ack>.
    Found 1-bit register for signal <rx_ack_lim>.
    Found 1-bit register for signal <rx_crc>.
    Found 1-bit register for signal <rx_crc_lim>.
    Found 1-bit register for signal <rx_data>.
    Found 1-bit register for signal <rx_dlc>.
    Found 1-bit register for signal <rx_eof>.
    Found 1-bit register for signal <rx_err_cnt_blocked>.
    Found 1-bit register for signal <rx_id1>.
    Found 1-bit register for signal <rx_id2>.
    Found 1-bit register for signal <rx_ide>.
    Found 1-bit register for signal <rx_inter>.
    Found 1-bit register for signal <rx_r0>.
    Found 1-bit register for signal <rx_r1>.
    Found 1-bit register for signal <rx_rtr1>.
    Found 1-bit register for signal <rx_rtr2>.
    Found 3-bit comparator less for signal <storing_header>.
    Found 1-bit register for signal <stuff_err_latched>.
    Found 3-bit up counter for signal <susp_cnt>.
    Found 1-bit register for signal <susp_cnt_en>.
    Found 1-bit register for signal <suspend>.
    Found 8-bit register for signal <tmp_data>.
    Found 64-bit register for signal <tmp_fifo>.
    Found 1-bit register for signal <transmitter>.
    Found 1-bit register for signal <tx_point_q>.
    Found 6-bit up counter for signal <tx_pointer>.
    Found 1-bit register for signal <tx_q>.
    Found 1-bit register for signal <tx_state>.
    Found 1-bit register for signal <waiting_for_bus_free>.
    Found 1-bit register for signal <wr_fifo>.
    Found 1-bit register for signal <write_data_to_tmp_fifo>.
    Found 1 1-bit 2-to-1 multiplexers.
    Summary:
	inferred  13 Counter(s).
	inferred 215 D-type flip-flop(s).
	inferred  14 Adder/Subtracter(s).
	inferred  35 Comparator(s).
	inferred  15 Multiplexer(s).
Unit <can_bsp> synthesized.


Synthesizing Unit <can_btl>.
    Related source file is can_btl.v.
    Found 1-bit register for signal <clk_en>.
    Found 1-bit register for signal <sample_point>.
    Found 1-bit register for signal <sampled_bit>.
    Found 1-bit register for signal <sampled_bit_q>.
    Found 10-bit subtractor for signal <$n0000> created at line 204.
    Found 9-bit subtractor for signal <$n0003> created at line 307.
    Found 11-bit comparator equal for signal <$n0007> created at line 204.
    Found 8-bit comparator greater for signal <$n0030> created at line 300.
    Found 8-bit comparator equal for signal <$n0034> created at line 226.
    Found 8-bit comparator equal for signal <$n0035> created at line 224.
    Found 4-bit adder for signal <$n0038> created at line 300.
    Found 8-bit comparator not equal for signal <$n0041> created at line 331.
    Found 8-bit comparator not equal for signal <$n0042> created at line 357.
    Found 2-bit adder carry out for signal <$n0043> created at line 300.
    Found 4-bit adder carry out for signal <$n0044> created at line 331.
    Found 6-bit adder carry out for signal <$n0045> created at line 194.
    Found 9-bit up counter for signal <clk_cnt>.
    Found 4-bit register for signal <delay>.
    Found 8-bit up counter for signal <quant_cnt>.
    Found 1-bit register for signal <resync_blocked>.
    Found 1-bit register for signal <resync_latched>.
    Found 2-bit register for signal <sample>.
    Found 1-bit register for signal <seg1>.
    Found 1-bit register for signal <seg2>.
    Found 1-bit register for signal <sync>.
    Found 1-bit register for signal <sync_blocked>.
    Found 10-bit comparator less for signal <sync_window>.
    Found 1 1-bit 2-to-1 multiplexers.
    Summary:
	inferred   2 Counter(s).
	inferred  16 D-type flip-flop(s).
	inferred   6 Adder/Subtracter(s).
	inferred   7 Comparator(s).
	inferred   1 Multiplexer(s).
Unit <can_btl> synthesized.


Synthesizing Unit <can_registers>.
    Related source file is can_registers.v.
WARNING:Xst:646 - Signal <info_empty_q> is assigned but never used.
    Found 8-bit register for signal <data_out>.
    Found 1-bit register for signal <single_shot_transmission>.
    Found 3-bit comparator equal for signal <$n0015> created at line 748.
    Found 1-bit xor2 for signal <$n0178> created at line 1143.
    Found 1-bit xor2 for signal <$n0179> created at line 1143.
    Found 1-bit register for signal <arbitration_lost_irq>.
    Found 1-bit register for signal <bus_error_irq>.
    Found 3-bit up counter for signal <clkout_cnt>.
    Found 1-bit register for signal <clkout_tmp>.
    Found 1-bit register for signal <data_overrun_irq>.
    Found 1-bit register for signal <error_irq>.
    Found 1-bit register for signal <error_passive_irq>.
    Found 1-bit register for signal <error_status_q>.
    Found 1-bit register for signal <node_bus_off_q>.
    Found 1-bit register for signal <node_error_passive_q>.
    Found 1-bit register for signal <overrun_q>.
    Found 1-bit register for signal <overrun_status>.
    Found 1-bit register for signal <receive_buffer_status>.
    Found 1-bit register for signal <receive_irq>.
    Found 1-bit register for signal <transmission_complete>.
    Found 1-bit register for signal <transmit_buffer_status>.
    Found 1-bit register for signal <transmit_buffer_status_q>.
    Found 1-bit register for signal <transmit_irq>.
    Found 1-bit register for signal <tx_successful_q>.
    Found 4 1-bit 2-to-1 multiplexers.
    Summary:
	inferred   1 Counter(s).
	inferred  27 D-type flip-flop(s).
	inferred   1 Comparator(s).
	inferred   4 Multiplexer(s).
Unit <can_registers> synthesized.


Synthesizing Unit <can_top>.
    Related source file is can_top.v.
WARNING:Xst:646 - Signal <clk_en> is assigned but never used.
WARNING:Xst:646 - Signal <tx_err_cnt_dummy> is assigned but never used.
WARNING:Xst:646 - Signal <resync> is assigned but never used.
WARNING:Xst:646 - Signal <rx_err_cnt_dummy> is assigned but never used.
    Found 1-bit tristate buffer for signal <tx_o>.
    Found 8-bit tristate buffer for signal <port_0_io>.
    Found 8-bit comparator greatequal for signal <$n0005> created at line 636.
    Found 8-bit comparator lessequal for signal <$n0006> created at line 636.
    Found 8-bit comparator greatequal for signal <$n0007> created at line 636.
    Found 8-bit comparator lessequal for signal <$n0008> created at line 636.
    Found 8-bit register for signal <addr_latched>.
    Found 8-bit register for signal <data_out>.
    Found 1-bit register for signal <rd_i_q>.
    Found 1-bit register for signal <wr_i_q>.
    Found 8 1-bit 2-to-1 multiplexers.
    Summary:
	inferred  18 D-type flip-flop(s).
	inferred   4 Comparator(s).
	inferred   8 Multiplexer(s).
	inferred   9 Tristate(s).
Unit <can_top> synthesized.


=========================================================================
HDL Synthesis Report

Macro Statistics
# Registers                        : 211
  1-bit register                   : 160
  8-bit register                   : 37
  2-bit register                   : 1
  3-bit register                   : 5
  4-bit register                   : 3
  9-bit register                   : 2
  6-bit register                   : 1
  7-bit register                   : 1
  15-bit register                  : 1
# Counters                         : 21
  4-bit up counter                 : 2
  6-bit up counter                 : 5
  7-bit updown counter             : 1
  3-bit up counter                 : 10
  5-bit up counter                 : 1
  9-bit up counter                 : 1
  8-bit up counter                 : 1
# Multiplexers                     : 16
  1-bit 16-to-1 multiplexer        : 1
  1-bit 19-to-1 multiplexer        : 2
  2-to-1 multiplexer               : 9
  1-bit 39-to-1 multiplexer        : 1
  1-bit 64-to-1 multiplexer        : 2
  8-bit 8-to-1 multiplexer         : 1
# Tristates                        : 2
  1-bit tristate buffer            : 1
  8-bit tristate buffer            : 1
# Adders/Subtractors               : 25
  6-bit adder                      : 4
  4-bit adder                      : 3
  4-bit subtractor                 : 2
  6-bit subtractor                 : 2
  3-bit adder                      : 3
  9-bit subtractor                 : 4
  10-bit subtractor                : 1
  2-bit adder carry out            : 1
  4-bit adder carry out            : 1
  6-bit adder carry out            : 1
  7-bit addsub                     : 1
  7-bit subtractor                 : 1
  9-bit addsub                     : 1
# Comparators                      : 47
  3-bit comparator less            : 7
  4-bit comparator less            : 4
  6-bit comparator less            : 2
  6-bit comparator equal           : 1
  15-bit comparator not equal      : 1
  9-bit comparator greatequal      : 8
  9-bit comparator lessequal       : 1
  9-bit comparator greater         : 3
  9-bit comparator less            : 2
  8-bit comparator less            : 1
  10-bit comparator less           : 1
  11-bit comparator equal          : 1
  8-bit comparator greater         : 1
  8-bit comparator equal           : 2
  8-bit comparator not equal       : 2
  3-bit comparator equal           : 1
  8-bit comparator greatequal      : 2
  8-bit comparator lessequal       : 2
  6-bit comparator greater         : 2
  9-bit comparator equal           : 2
  4-bit comparator equal           : 1
# Xors                             : 101
  1-bit xor2                       : 101

=========================================================================

=========================================================================
*                       Advanced HDL Synthesis                          *
=========================================================================

INFO:Xst:1767 - HDL ADVISOR - Resource sharing has identified that some arithmetic operations in this design can share the same physical resources for reduced device utilization. For improved clock frequency you may try to disable resource sharing.

=========================================================================
*                         Low Level Synthesis                           *
=========================================================================

Optimizing unit <can_top> ...

Optimizing unit <can_crc> ...

Optimizing unit <can_acf> ...

Optimizing unit <can_btl> ...

Optimizing unit <can_fifo> ...

Optimizing unit <can_registers> ...

Optimizing unit <can_bsp> ...
Loading device for application Xst from file '2s300e.nph' in environment C:/Program Files/Xilinx.

Mapping all equations...
Building and optimizing final netlist ...
Register i_can_bsp_node_bus_off_q equivalent to i_can_registers_node_bus_off_q has been removed
Found area constraint ratio of 100 (+ 5) on block can_top, actual ratio is 30.
FlipFlop i_can_btl_sampled_bit has been replicated 1 time(s)
FlipFlop addr_latched_0 has been replicated 2 time(s)
FlipFlop addr_latched_2 has been replicated 4 time(s)
FlipFlop addr_latched_4 has been replicated 4 time(s)
FlipFlop addr_latched_1 has been replicated 3 time(s)
FlipFlop addr_latched_3 has been replicated 2 time(s)
FlipFlop addr_latched_0 has been replicated 1 time(s)
FlipFlop i_can_registers_MODE_REG0_data_out_0 has been replicated 1 time(s)
FlipFlop i_can_bsp_tx_pointer_21 has been replicated 1 time(s)

=========================================================================
*                            Final Report                               *
=========================================================================

Device utilization summary:
---------------------------

Selected Device : 2s300epq208-6 

 Number of Slices:                     864  out of   3072    28%  
 Number of Slice Flip Flops:           646  out of   6144    10%  
 Number of 4 input LUTs:              1557  out of   6144    25%  
 Number of bonded IOBs:                 17  out of    146    11%  
 Number of BRAMs:                        3  out of      8    37%  
 Number of GCLKs:                        1  out of      4    25%  


=========================================================================
TIMING REPORT


Clock Information:
------------------
-----------------------------------+------------------------+-------+
Clock Signal                       | Clock buffer(FF name)  | Load  |
-----------------------------------+------------------------+-------+
clk_i                              | BUFGP                  | 649   |
-----------------------------------+------------------------+-------+

Timing Summary:
---------------
Speed Grade: -6

   Minimum period: 29.552ns (Maximum Frequency: 33.839MHz)
   Minimum input arrival time before clock: 20.316ns
   Maximum output required time after clock: 10.090ns
   Maximum combinational path delay: 13.541ns

=========================================================================
Completed process "Synthesize".



Started process "Translate".


Command Line: ngdbuild -intstyle ise -dd
e:\program\fpga_program\for_fpga\can\ise\canbus/_ngo -i -p xc2s300e-pq208-6
can_top.ngc can_top.ngd 

Reading NGO file "e:/program/fpga_program/for_fpga/can/ise/canbus/can_top.ngc"
...
Reading component libraries for design expansion...

Checking timing specifications ...
Checking expanded design ...
WARNING:NgdBuild:477 - clock net 'clk_i_BUFGP' has non-clock connections. These
   problematic connections include:
     pin I2 on block i_can_registers_clkout_SW0 with type LUT4

NGDBUILD Design Results Summary:
  Number of errors:     0
  Number of warnings:   1

Total memory usage is 41736 kilobytes

Writing NGD file "can_top.ngd" ...

Writing NGDBUILD log file "can_top.bld"...

NGDBUILD done.
Completed process "Translate".



Started process "Generate Post-Translate Simulation Model".

Completed process "Generate Post-Translate Simulation Model".




Project Navigator Auto-Make Log File
-------------------------------------



Project Navigator Auto-Make Log File
-------------------------------------




Started process "Check Syntax".


=========================================================================
*                          HDL Compilation                              *
=========================================================================
Compiling source file "can_register_asyn_syn.v"
Module <can_register_asyn_syn> compiled
Compiling source file "can_register_asyn.v"
Module <can_register_asyn> compiled
Compiling source file "can_register.v"
Module <can_register> compiled
Compiling source file "can_registers.v"
Compiling include file "can_defines.v"
Module <can_registers> compiled
No errors in compilation
Analysis of file <can_registers.prj> succeeded.
 
Completed process "Check Syntax".


